                              1 ;--------------------------------------------------------
                              2 ; File Created by SDCC : free open source ANSI-C Compiler
                              3 ; Version 3.6.8 #9946 (Linux)
                              4 ;--------------------------------------------------------
                              5 	.module levels
                              6 	.optsdcc -mz80
                              7 	
                              8 ;--------------------------------------------------------
                              9 ; Public variables in this module
                             10 ;--------------------------------------------------------
                             11 	.globl _g_game_grids
                             12 	.globl _g_game_grid_7
                             13 	.globl _g_game_grid_5
                             14 	.globl _g_game_grid_3
                             15 	.globl _g_game_grid_2
                             16 	.globl _g_game_grid_1
                             17 	.globl _g_game_grid_bt
                             18 	.globl _g_game_grid_fg
                             19 	.globl _g_game_grid_bg
                             20 ;--------------------------------------------------------
                             21 ; special function registers
                             22 ;--------------------------------------------------------
                             23 ;--------------------------------------------------------
                             24 ; ram data
                             25 ;--------------------------------------------------------
                             26 	.area _DATA
                             27 ;--------------------------------------------------------
                             28 ; ram data
                             29 ;--------------------------------------------------------
                             30 	.area _INITIALIZED
                             31 ;--------------------------------------------------------
                             32 ; absolute external ram data
                             33 ;--------------------------------------------------------
                             34 	.area _DABS (ABS)
                             35 ;--------------------------------------------------------
                             36 ; global & static initialisations
                             37 ;--------------------------------------------------------
                             38 	.area _HOME
                             39 	.area _GSINIT
                             40 	.area _GSFINAL
                             41 	.area _GSINIT
                             42 ;--------------------------------------------------------
                             43 ; Home
                             44 ;--------------------------------------------------------
                             45 	.area _HOME
                             46 	.area _HOME
                             47 ;--------------------------------------------------------
                             48 ; code
                             49 ;--------------------------------------------------------
                             50 	.area _CODE
                             51 	.area _CODE
   0000                      52 _g_game_grid_bg:
   0000 02                   53 	.db #0x02	; 2
   0001 04                   54 	.db #0x04	; 4
   0002 06                   55 	.db #0x06	; 6
   0003 04                   56 	.db #0x04	; 4
   0004 02                   57 	.db #0x02	; 2
   0005 04                   58 	.db #0x04	; 4
   0006 06                   59 	.db #0x06	; 6
   0007 04                   60 	.db #0x04	; 4
   0008                      61 _g_game_grid_fg:
   0008 01                   62 	.db #0x01	; 1
   0009 04                   63 	.db #0x04	; 4
   000A 05                   64 	.db #0x05	; 5
   000B 04                   65 	.db #0x04	; 4
   000C 01                   66 	.db #0x01	; 1
   000D 04                   67 	.db #0x04	; 4
   000E 05                   68 	.db #0x05	; 5
   000F 04                   69 	.db #0x04	; 4
   0010                      70 _g_game_grid_bt:
   0010 0B                   71 	.db #0x0b	; 11
   0011 0A                   72 	.db #0x0a	; 10
   0012 06                   73 	.db #0x06	; 6
   0013 0A                   74 	.db #0x0a	; 10
   0014 0B                   75 	.db #0x0b	; 11
   0015 0A                   76 	.db #0x0a	; 10
   0016 06                   77 	.db #0x06	; 6
   0017 0A                   78 	.db #0x0a	; 10
   0018                      79 _g_game_grid_1:
   0018 00                   80 	.db #0x00	; 0
   0019 00                   81 	.db #0x00	; 0
   001A 00                   82 	.db #0x00	; 0
   001B 00                   83 	.db #0x00	; 0
   001C 00                   84 	.db #0x00	; 0
   001D 00                   85 	.db #0x00	; 0
   001E 00                   86 	.db #0x00	; 0
   001F CF                   87 	.db #0xcf	; 207
   0020 98                   88 	.db #0x98	; 152
   0021 00                   89 	.db #0x00	; 0
   0022 A4                   90 	.db #0xa4	; 164
   0023 4A                   91 	.db #0x4a	; 74	'J'
   0024 00                   92 	.db #0x00	; 0
   0025 92                   93 	.db #0x92	; 146
   0026 24                   94 	.db #0x24	; 36
   0027 80                   95 	.db #0x80	; 128
   0028 89                   96 	.db #0x89	; 137
   0029 12                   97 	.db #0x12	; 18
   002A 20                   98 	.db #0x20	; 32
   002B 84                   99 	.db #0x84	; 132
   002C 89                  100 	.db #0x89	; 137
   002D 08                  101 	.db #0x08	; 8
   002E 7E                  102 	.db #0x7e	; 126
   002F 44                  103 	.db #0x44	; 68	'D'
   0030 FC                  104 	.db #0xfc	; 252
   0031 00                  105 	.db #0x00	; 0
   0032 22                  106 	.db #0x22	; 34
   0033 00                  107 	.db #0x00	; 0
   0034 1F                  108 	.db #0x1f	; 31
   0035 91                  109 	.db #0x91	; 145
   0036 3F                  110 	.db #0x3f	; 63
   0037 08                  111 	.db #0x08	; 8
   0038 48                  112 	.db #0x48	; 72	'H'
   0039 90                  113 	.db #0x90	; 144
   003A 82                  114 	.db #0x82	; 130
   003B 24                  115 	.db #0x24	; 36
   003C 48                  116 	.db #0x48	; 72	'H'
   003D 80                  117 	.db #0x80	; 128
   003E 92                  118 	.db #0x92	; 146
   003F 24                  119 	.db #0x24	; 36
   0040 80                  120 	.db #0x80	; 128
   0041 29                  121 	.db #0x29	; 41
   0042 12                  122 	.db #0x12	; 18
   0043 80                  123 	.db #0x80	; 128
   0044 0C                  124 	.db #0x0c	; 12
   0045 F9                  125 	.db #0xf9	; 249
   0046 80                  126 	.db #0x80	; 128
   0047 00                  127 	.db #0x00	; 0
   0048 00                  128 	.db #0x00	; 0
   0049 00                  129 	.db #0x00	; 0
   004A 00                  130 	.db #0x00	; 0
   004B 00                  131 	.db #0x00	; 0
   004C 00                  132 	.db #0x00	; 0
   004D 00                  133 	.db #0x00	; 0
   004E                     134 _g_game_grid_2:
   004E 00                  135 	.db #0x00	; 0
   004F 00                  136 	.db #0x00	; 0
   0050 00                  137 	.db #0x00	; 0
   0051 00                  138 	.db #0x00	; 0
   0052 00                  139 	.db #0x00	; 0
   0053 00                  140 	.db #0x00	; 0
   0054 01                  141 	.db #0x01	; 1
   0055 00                  142 	.db #0x00	; 0
   0056 04                  143 	.db #0x04	; 4
   0057 01                  144 	.db #0x01	; 1
   0058 00                  145 	.db #0x00	; 0
   0059 01                  146 	.db #0x01	; 1
   005A 01                  147 	.db #0x01	; 1
   005B 00                  148 	.db #0x00	; 0
   005C 00                  149 	.db #0x00	; 0
   005D 41                  150 	.db #0x41	; 65	'A'
   005E 00                  151 	.db #0x00	; 0
   005F 00                  152 	.db #0x00	; 0
   0060 10                  153 	.db #0x10	; 16
   0061 20                  154 	.db #0x20	; 32
   0062 00                  155 	.db #0x00	; 0
   0063 20                  156 	.db #0x20	; 32
   0064 08                  157 	.db #0x08	; 8
   0065 00                  158 	.db #0x00	; 0
   0066 20                  159 	.db #0x20	; 32
   0067 02                  160 	.db #0x02	; 2
   0068 00                  161 	.db #0x00	; 0
   0069 20                  162 	.db #0x20	; 32
   006A 02                  163 	.db #0x02	; 2
   006B 00                  164 	.db #0x00	; 0
   006C 08                  165 	.db #0x08	; 8
   006D 02                  166 	.db #0x02	; 2
   006E 00                  167 	.db #0x00	; 0
   006F 02                  168 	.db #0x02	; 2
   0070 04                  169 	.db #0x04	; 4
   0071 00                  170 	.db #0x00	; 0
   0072 00                  171 	.db #0x00	; 0
   0073 41                  172 	.db #0x41	; 65	'A'
   0074 00                  173 	.db #0x00	; 0
   0075 00                  174 	.db #0x00	; 0
   0076 40                  175 	.db #0x40	; 64
   0077 40                  176 	.db #0x40	; 64
   0078 00                  177 	.db #0x00	; 0
   0079 40                  178 	.db #0x40	; 64
   007A 10                  179 	.db #0x10	; 16
   007B 00                  180 	.db #0x00	; 0
   007C 40                  181 	.db #0x40	; 64
   007D 00                  182 	.db #0x00	; 0
   007E 00                  183 	.db #0x00	; 0
   007F 00                  184 	.db #0x00	; 0
   0080 00                  185 	.db #0x00	; 0
   0081 00                  186 	.db #0x00	; 0
   0082 00                  187 	.db #0x00	; 0
   0083 00                  188 	.db #0x00	; 0
   0084                     189 _g_game_grid_3:
   0084 00                  190 	.db #0x00	; 0
   0085 00                  191 	.db #0x00	; 0
   0086 00                  192 	.db #0x00	; 0
   0087 00                  193 	.db #0x00	; 0
   0088 00                  194 	.db #0x00	; 0
   0089 00                  195 	.db #0x00	; 0
   008A 00                  196 	.db #0x00	; 0
   008B 00                  197 	.db #0x00	; 0
   008C 00                  198 	.db #0x00	; 0
   008D 07                  199 	.db #0x07	; 7
   008E 9E                  200 	.db #0x9e	; 158
   008F F3                  201 	.db #0xf3	; 243
   0090 C2                  202 	.db #0xc2	; 194
   0091 49                  203 	.db #0x49	; 73	'I'
   0092 49                  204 	.db #0x49	; 73	'I'
   0093 21                  205 	.db #0x21	; 33
   0094 24                  206 	.db #0x24	; 36
   0095 A4                  207 	.db #0xa4	; 164
   0096 90                  208 	.db #0x90	; 144
   0097 FF                  209 	.db #0xff	; 255
   0098 DF                  210 	.db #0xdf	; 223
   0099 F8                  211 	.db #0xf8	; 248
   009A 09                  212 	.db #0x09	; 9
   009B 01                  213 	.db #0x01	; 1
   009C 20                  214 	.db #0x20	; 32
   009D 04                  215 	.db #0x04	; 4
   009E 80                  216 	.db #0x80	; 128
   009F 90                  217 	.db #0x90	; 144
   00A0 02                  218 	.db #0x02	; 2
   00A1 40                  219 	.db #0x40	; 64
   00A2 48                  220 	.db #0x48	; 72	'H'
   00A3 0F                  221 	.db #0x0f	; 15
   00A4 FD                  222 	.db #0xfd	; 253
   00A5 FF                  223 	.db #0xff	; 255
   00A6 84                  224 	.db #0x84	; 132
   00A7 92                  225 	.db #0x92	; 146
   00A8 92                  226 	.db #0x92	; 146
   00A9 42                  227 	.db #0x42	; 66	'B'
   00AA 49                  228 	.db #0x49	; 73	'I'
   00AB 49                  229 	.db #0x49	; 73	'I'
   00AC 21                  230 	.db #0x21	; 33
   00AD FF                  231 	.db #0xff	; 255
   00AE BC                  232 	.db #0xbc	; 188
   00AF F0                  233 	.db #0xf0	; 240
   00B0 00                  234 	.db #0x00	; 0
   00B1 00                  235 	.db #0x00	; 0
   00B2 00                  236 	.db #0x00	; 0
   00B3 00                  237 	.db #0x00	; 0
   00B4 00                  238 	.db #0x00	; 0
   00B5 00                  239 	.db #0x00	; 0
   00B6 00                  240 	.db #0x00	; 0
   00B7 00                  241 	.db #0x00	; 0
   00B8 00                  242 	.db #0x00	; 0
   00B9 00                  243 	.db #0x00	; 0
   00BA                     244 _g_game_grid_5:
   00BA 00                  245 	.db #0x00	; 0
   00BB 00                  246 	.db #0x00	; 0
   00BC 00                  247 	.db #0x00	; 0
   00BD 00                  248 	.db #0x00	; 0
   00BE 00                  249 	.db #0x00	; 0
   00BF 00                  250 	.db #0x00	; 0
   00C0 0F                  251 	.db #0x0f	; 15
   00C1 C0                  252 	.db #0xc0	; 192
   00C2 1F                  253 	.db #0x1f	; 31
   00C3 87                  254 	.db #0x87	; 135
   00C4 E0                  255 	.db #0xe0	; 224
   00C5 0F                  256 	.db #0x0f	; 15
   00C6 C3                  257 	.db #0xc3	; 195
   00C7 F0                  258 	.db #0xf0	; 240
   00C8 07                  259 	.db #0x07	; 7
   00C9 E1                  260 	.db #0xe1	; 225
   00CA F8                  261 	.db #0xf8	; 248
   00CB 03                  262 	.db #0x03	; 3
   00CC F0                  263 	.db #0xf0	; 240
   00CD FF                  264 	.db #0xff	; 255
   00CE FF                  265 	.db #0xff	; 255
   00CF F8                  266 	.db #0xf8	; 248
   00D0 7F                  267 	.db #0x7f	; 127
   00D1 FF                  268 	.db #0xff	; 255
   00D2 FC                  269 	.db #0xfc	; 252
   00D3 03                  270 	.db #0x03	; 3
   00D4 00                  271 	.db #0x00	; 0
   00D5 60                  272 	.db #0x60	; 96
   00D6 1F                  273 	.db #0x1f	; 31
   00D7 FF                  274 	.db #0xff	; 255
   00D8 FF                  275 	.db #0xff	; 255
   00D9 0F                  276 	.db #0x0f	; 15
   00DA FF                  277 	.db #0xff	; 255
   00DB FF                  278 	.db #0xff	; 255
   00DC 87                  279 	.db #0x87	; 135
   00DD E0                  280 	.db #0xe0	; 224
   00DE 0F                  281 	.db #0x0f	; 15
   00DF C3                  282 	.db #0xc3	; 195
   00E0 F0                  283 	.db #0xf0	; 240
   00E1 07                  284 	.db #0x07	; 7
   00E2 E1                  285 	.db #0xe1	; 225
   00E3 F8                  286 	.db #0xf8	; 248
   00E4 03                  287 	.db #0x03	; 3
   00E5 F0                  288 	.db #0xf0	; 240
   00E6 FC                  289 	.db #0xfc	; 252
   00E7 01                  290 	.db #0x01	; 1
   00E8 F8                  291 	.db #0xf8	; 248
   00E9 00                  292 	.db #0x00	; 0
   00EA 00                  293 	.db #0x00	; 0
   00EB 00                  294 	.db #0x00	; 0
   00EC 00                  295 	.db #0x00	; 0
   00ED 00                  296 	.db #0x00	; 0
   00EE 00                  297 	.db #0x00	; 0
   00EF 00                  298 	.db #0x00	; 0
   00F0                     299 _g_game_grid_7:
   00F0 00                  300 	.db #0x00	; 0
   00F1 00                  301 	.db #0x00	; 0
   00F2 00                  302 	.db #0x00	; 0
   00F3 3F                  303 	.db #0x3f	; 63
   00F4 80                  304 	.db #0x80	; 128
   00F5 3F                  305 	.db #0x3f	; 63
   00F6 90                  306 	.db #0x90	; 144
   00F7 40                  307 	.db #0x40	; 64
   00F8 10                  308 	.db #0x10	; 16
   00F9 48                  309 	.db #0x48	; 72	'H'
   00FA 20                  310 	.db #0x20	; 32
   00FB 08                  311 	.db #0x08	; 8
   00FC 24                  312 	.db #0x24	; 36
   00FD 10                  313 	.db #0x10	; 16
   00FE 04                  314 	.db #0x04	; 4
   00FF 12                  315 	.db #0x12	; 18
   0100 0B                  316 	.db #0x0b	; 11
   0101 FA                  317 	.db #0xfa	; 250
   0102 09                  318 	.db #0x09	; 9
   0103 05                  319 	.db #0x05	; 5
   0104 05                  320 	.db #0x05	; 5
   0105 04                  321 	.db #0x04	; 4
   0106 FE                  322 	.db #0xfe	; 254
   0107 82                  323 	.db #0x82	; 130
   0108 FE                  324 	.db #0xfe	; 254
   0109 00                  325 	.db #0x00	; 0
   010A 41                  326 	.db #0x41	; 65	'A'
   010B 00                  327 	.db #0x00	; 0
   010C 3F                  328 	.db #0x3f	; 63
   010D A0                  329 	.db #0xa0	; 160
   010E BF                  330 	.db #0xbf	; 191
   010F 90                  331 	.db #0x90	; 144
   0110 50                  332 	.db #0x50	; 80	'P'
   0111 50                  333 	.db #0x50	; 80	'P'
   0112 48                  334 	.db #0x48	; 72	'H'
   0113 2F                  335 	.db #0x2f	; 47
   0114 E8                  336 	.db #0xe8	; 232
   0115 24                  337 	.db #0x24	; 36
   0116 10                  338 	.db #0x10	; 16
   0117 04                  339 	.db #0x04	; 4
   0118 12                  340 	.db #0x12	; 18
   0119 08                  341 	.db #0x08	; 8
   011A 02                  342 	.db #0x02	; 2
   011B 09                  343 	.db #0x09	; 9
   011C 04                  344 	.db #0x04	; 4
   011D 01                  345 	.db #0x01	; 1
   011E 04                  346 	.db #0x04	; 4
   011F FE                  347 	.db #0xfe	; 254
   0120 00                  348 	.db #0x00	; 0
   0121 FE                  349 	.db #0xfe	; 254
   0122 00                  350 	.db #0x00	; 0
   0123 00                  351 	.db #0x00	; 0
   0124 00                  352 	.db #0x00	; 0
   0125 00                  353 	.db #0x00	; 0
   0126                     354 _g_game_grids:
   0126r18r00               355 	.dw _g_game_grid_1
   0128r4Er00               356 	.dw _g_game_grid_2
   012Ar84r00               357 	.dw _g_game_grid_3
   012Cr4Er00               358 	.dw _g_game_grid_2
   012ErBAr00               359 	.dw _g_game_grid_5
   0130r4Er00               360 	.dw _g_game_grid_2
   0132rF0r00               361 	.dw _g_game_grid_7
   0134r4Er00               362 	.dw _g_game_grid_2
                            363 	.area _INITIALIZER
                            364 	.area _CABS (ABS)
