                              1 ;--------------------------------------------------------
                              2 ; File Created by SDCC : free open source ANSI-C Compiler
                              3 ; Version 3.6.8 #9946 (Linux)
                              4 ;--------------------------------------------------------
                              5 	.module hiscore
                              6 	.optsdcc -mz80
                              7 	
                              8 ;--------------------------------------------------------
                              9 ; Public variables in this module
                             10 ;--------------------------------------------------------
                             11 	.globl _v_reset_timers
                             12 	.globl _v_interrupt
                             13 	.globl _v_draw_logo
                             14 	.globl _v_print_n
                             15 	.globl _v_print
                             16 	.globl _v_print_c
                             17 	.globl _v_wipe_scr
                             18 	.globl _v_clr_scr
                             19 	.globl _v_reset_pal
                             20 	.globl _v_blk_scr
                             21 	.globl _u_get_width
                             22 	.globl _u_sort_hiscores
                             23 	.globl _cpct_waitVSYNC
                             24 	.globl _cpct_getKeypressedAsASCII
                             25 	.globl _cpct_isAnyKeyPressed
                             26 	.globl _cpct_isKeyPressed
                             27 	.globl _cpct_scanKeyboard
                             28 	.globl _cpct_removeInterruptHandler
                             29 	.globl _cpct_setInterruptHandler
                             30 	.globl _h_start
                             31 	.globl _h_enter_start
                             32 	.globl _h_stop
                             33 	.globl _h_insert
                             34 ;--------------------------------------------------------
                             35 ; special function registers
                             36 ;--------------------------------------------------------
                             37 ;--------------------------------------------------------
                             38 ; ram data
                             39 ;--------------------------------------------------------
                             40 	.area _DATA
                             41 ;--------------------------------------------------------
                             42 ; ram data
                             43 ;--------------------------------------------------------
                             44 	.area _INITIALIZED
                             45 ;--------------------------------------------------------
                             46 ; absolute external ram data
                             47 ;--------------------------------------------------------
                             48 	.area _DABS (ABS)
                             49 ;--------------------------------------------------------
                             50 ; global & static initialisations
                             51 ;--------------------------------------------------------
                             52 	.area _HOME
                             53 	.area _GSINIT
                             54 	.area _GSFINAL
                             55 	.area _GSINIT
                             56 ;--------------------------------------------------------
                             57 ; Home
                             58 ;--------------------------------------------------------
                             59 	.area _HOME
                             60 	.area _HOME
                             61 ;--------------------------------------------------------
                             62 ; code
                             63 ;--------------------------------------------------------
                             64 	.area _CODE
                             65 ;src/hiscore.c:30: void h_start(void) {
                             66 ;	---------------------------------
                             67 ; Function h_start
                             68 ; ---------------------------------
   0000                      69 _h_start::
   0000 3B            [ 6]   70 	dec	sp
                             71 ;src/hiscore.c:32: bool kp = false;
   0001 FD 21 00 00   [14]   72 	ld	iy, #0
   0005 FD 39         [15]   73 	add	iy, sp
   0007 FD 36 00 00   [19]   74 	ld	0 (iy), #0x00
                             75 ;src/hiscore.c:35: v_blk_scr();
   000B CDr00r00      [17]   76 	call	_v_blk_scr
                             77 ;src/hiscore.c:36: v_clr_scr();
   000E CDr00r00      [17]   78 	call	_v_clr_scr
                             79 ;src/hiscore.c:39: v_draw_logo();
   0011 CDr00r00      [17]   80 	call	_v_draw_logo
                             81 ;src/hiscore.c:40: h_draw_hiscores();
   0014 CDr1Cr03      [17]   82 	call	_h_draw_hiscores
                             83 ;src/hiscore.c:41: v_reset_pal();
   0017 CDr00r00      [17]   84 	call	_v_reset_pal
                             85 ;src/hiscore.c:43: v_reset_timers();
   001A CDr00r00      [17]   86 	call	_v_reset_timers
                             87 ;src/hiscore.c:44: cpct_waitVSYNC();
   001D CDr00r00      [17]   88 	call	_cpct_waitVSYNC
                             89 ;src/hiscore.c:45: cpct_setInterruptHandler(v_interrupt);
   0020 21r00r00      [10]   90 	ld	hl, #_v_interrupt
   0023 CDr00r00      [17]   91 	call	_cpct_setInterruptHandler
                             92 ;src/hiscore.c:48: while (!kp)
   0026                      93 00101$:
   0026 21 00 00      [10]   94 	ld	hl, #0+0
   0029 39            [11]   95 	add	hl, sp
   002A CB 46         [12]   96 	bit	0, (hl)
   002C 20 0B         [12]   97 	jr	NZ,00104$
                             98 ;src/hiscore.c:49: kp = cpct_isAnyKeyPressed();
   002E CDr00r00      [17]   99 	call	_cpct_isAnyKeyPressed
   0031 AF            [ 4]  100 	xor	a, a
   0032 BD            [ 4]  101 	cp	a, l
   0033 17            [ 4]  102 	rla
   0034 33            [ 6]  103 	inc	sp
   0035 F5            [11]  104 	push	af
   0036 33            [ 6]  105 	inc	sp
   0037 18 ED         [12]  106 	jr	00101$
   0039                     107 00104$:
   0039 33            [ 6]  108 	inc	sp
   003A C9            [10]  109 	ret
   003B                     110 _title_loc:
   003B 01                  111 	.db #0x01	; 1
   003C 08                  112 	.db #0x08	; 8
   003D                     113 _scores_loc:
   003D 12                  114 	.db #0x12	; 18
   003E 0B                  115 	.db #0x0b	; 11
   003F                     116 _key_loc:
   003F 01                  117 	.db #0x01	; 1
   0040 20                  118 	.db #0x20	; 32
   0041                     119 _cg_loc:
   0041 00                  120 	.db #0x00	; 0
   0042 0B                  121 	.db #0x0b	; 11
   0043                     122 _ei_loc:
   0043 00                  123 	.db #0x00	; 0
   0044 13                  124 	.db #0x13	; 19
                            125 ;src/hiscore.c:53: void h_enter_start(void) {
                            126 ;	---------------------------------
                            127 ; Function h_enter_start
                            128 ; ---------------------------------
   0045                     129 _h_enter_start::
   0045 DD E5         [15]  130 	push	ix
   0047 DD 21 00 00   [14]  131 	ld	ix,#0
   004B DD 39         [15]  132 	add	ix,sp
   004D 21 F2 FF      [10]  133 	ld	hl, #-14
   0050 39            [11]  134 	add	hl, sp
   0051 F9            [ 6]  135 	ld	sp, hl
                            136 ;src/hiscore.c:55: u8 y = cg_loc.y * LINE_P_H;
   0052 3Ar42r00      [13]  137 	ld	a, (#(_cg_loc + 0x0001) + 0)
   0055 4F            [ 4]  138 	ld	c, a
   0056 87            [ 4]  139 	add	a, a
   0057 81            [ 4]  140 	add	a, c
   0058 87            [ 4]  141 	add	a, a
   0059 DD 77 FD      [19]  142 	ld	-3 (ix), a
                            143 ;src/hiscore.c:56: char name[4] = "", key;
   005C 21 00 00      [10]  144 	ld	hl, #0x0000
   005F 39            [11]  145 	add	hl, sp
   0060 DD 75 F9      [19]  146 	ld	-7 (ix), l
   0063 DD 74 FA      [19]  147 	ld	-6 (ix), h
   0066 36 00         [10]  148 	ld	(hl), #0x00
   0068 DD 4E F9      [19]  149 	ld	c,-7 (ix)
   006B DD 46 FA      [19]  150 	ld	b,-6 (ix)
   006E 03            [ 6]  151 	inc	bc
   006F AF            [ 4]  152 	xor	a, a
   0070 02            [ 7]  153 	ld	(bc), a
   0071 DD 4E F9      [19]  154 	ld	c,-7 (ix)
   0074 DD 46 FA      [19]  155 	ld	b,-6 (ix)
   0077 03            [ 6]  156 	inc	bc
   0078 03            [ 6]  157 	inc	bc
   0079 AF            [ 4]  158 	xor	a, a
   007A 02            [ 7]  159 	ld	(bc), a
   007B DD 7E F9      [19]  160 	ld	a, -7 (ix)
   007E C6 03         [ 7]  161 	add	a, #0x03
   0080 DD 77 FB      [19]  162 	ld	-5 (ix), a
   0083 DD 7E FA      [19]  163 	ld	a, -6 (ix)
   0086 CE 00         [ 7]  164 	adc	a, #0x00
   0088 DD 77 FC      [19]  165 	ld	-4 (ix), a
   008B DD 6E FB      [19]  166 	ld	l,-5 (ix)
   008E DD 66 FC      [19]  167 	ld	h,-4 (ix)
   0091 36 00         [10]  168 	ld	(hl), #0x00
                            169 ;src/hiscore.c:57: u8 len = 0;
   0093 DD 36 F6 00   [19]  170 	ld	-10 (ix), #0x00
                            171 ;src/hiscore.c:58: u16 count = 0;
   0097 DD 36 F7 00   [19]  172 	ld	-9 (ix), #0x00
   009B DD 36 F8 00   [19]  173 	ld	-8 (ix), #0x00
                            174 ;src/hiscore.c:61: if (g_current_score > g_hiscores[0].score) {
   009F ED 4Br04r00   [20]  175 	ld	bc, (#(_g_hiscores + 0x0004) + 0)
   00A3 ED 5Br06r00   [20]  176 	ld	de, (#(_g_hiscores + 0x0004) + 2)
   00A7 79            [ 4]  177 	ld	a, c
   00A8 FD 21r00r00   [14]  178 	ld	iy, #_g_current_score
   00AC FD 96 00      [19]  179 	sub	a, 0 (iy)
   00AF 78            [ 4]  180 	ld	a, b
   00B0 FD 9E 01      [19]  181 	sbc	a, 1 (iy)
   00B3 7B            [ 4]  182 	ld	a, e
   00B4 FD 9E 02      [19]  183 	sbc	a, 2 (iy)
   00B7 7A            [ 4]  184 	ld	a, d
   00B8 FD 9E 03      [19]  185 	sbc	a, 3 (iy)
   00BB D2r18r02      [10]  186 	jp	NC, 00119$
                            187 ;src/hiscore.c:64: v_blk_scr();
   00BE CDr00r00      [17]  188 	call	_v_blk_scr
                            189 ;src/hiscore.c:65: v_clr_scr();
   00C1 CDr00r00      [17]  190 	call	_v_clr_scr
                            191 ;src/hiscore.c:67: cpct_waitVSYNC();
   00C4 CDr00r00      [17]  192 	call	_cpct_waitVSYNC
                            193 ;src/hiscore.c:69: v_print_c(g_strings[100], y, FONT_RED);
   00C7 ED 4BrC8r00   [20]  194 	ld	bc, (#_g_strings + 200)
   00CB AF            [ 4]  195 	xor	a, a
   00CC F5            [11]  196 	push	af
   00CD 33            [ 6]  197 	inc	sp
   00CE DD 7E FD      [19]  198 	ld	a, -3 (ix)
   00D1 F5            [11]  199 	push	af
   00D2 33            [ 6]  200 	inc	sp
   00D3 C5            [11]  201 	push	bc
   00D4 CDr00r00      [17]  202 	call	_v_print_c
   00D7 F1            [10]  203 	pop	af
   00D8 F1            [10]  204 	pop	af
                            205 ;src/hiscore.c:70: v_print_c(g_strings[101], y += (LINE_P_H * 3), FONT_BLUE);
   00D9 DD 7E FD      [19]  206 	ld	a, -3 (ix)
   00DC C6 12         [ 7]  207 	add	a, #0x12
   00DE 47            [ 4]  208 	ld	b, a
   00DF 48            [ 4]  209 	ld	c, b
   00E0 ED 5BrCAr00   [20]  210 	ld	de, (#_g_strings + 202)
   00E4 C5            [11]  211 	push	bc
   00E5 3E 01         [ 7]  212 	ld	a, #0x01
   00E7 F5            [11]  213 	push	af
   00E8 33            [ 6]  214 	inc	sp
   00E9 C5            [11]  215 	push	bc
   00EA 33            [ 6]  216 	inc	sp
   00EB D5            [11]  217 	push	de
   00EC CDr00r00      [17]  218 	call	_v_print_c
   00EF F1            [10]  219 	pop	af
   00F0 F1            [10]  220 	pop	af
   00F1 C1            [10]  221 	pop	bc
                            222 ;src/hiscore.c:71: v_print_c(g_strings[102], y += (LINE_P_H * 2), FONT_BLUE);
   00F2 79            [ 4]  223 	ld	a, c
   00F3 C6 0C         [ 7]  224 	add	a, #0x0c
   00F5 57            [ 4]  225 	ld	d, a
   00F6 ED 4BrCCr00   [20]  226 	ld	bc, (#_g_strings + 204)
   00FA 3E 01         [ 7]  227 	ld	a, #0x01
   00FC F5            [11]  228 	push	af
   00FD 33            [ 6]  229 	inc	sp
   00FE D5            [11]  230 	push	de
   00FF 33            [ 6]  231 	inc	sp
   0100 C5            [11]  232 	push	bc
   0101 CDr00r00      [17]  233 	call	_v_print_c
   0104 F1            [10]  234 	pop	af
   0105 F1            [10]  235 	pop	af
                            236 ;src/hiscore.c:72: v_reset_pal();
   0106 CDr00r00      [17]  237 	call	_v_reset_pal
                            238 ;src/hiscore.c:75: y = ei_loc.y * LINE_P_H;
   0109 3Ar44r00      [13]  239 	ld	a, (#(_ei_loc + 0x0001) + 0)
   010C 4F            [ 4]  240 	ld	c, a
   010D 87            [ 4]  241 	add	a, a
   010E 81            [ 4]  242 	add	a, c
   010F 87            [ 4]  243 	add	a, a
   0110 DD 77 FD      [19]  244 	ld	-3 (ix), a
                            245 ;src/hiscore.c:76: while (len <= 2) {
   0113 DD 7E F9      [19]  246 	ld	a, -7 (ix)
   0116 DD 77 FE      [19]  247 	ld	-2 (ix), a
   0119 DD 7E FA      [19]  248 	ld	a, -6 (ix)
   011C DD 77 FF      [19]  249 	ld	-1 (ix), a
   011F                     250 00113$:
   011F 3E 02         [ 7]  251 	ld	a, #0x02
   0121 DD 96 F6      [19]  252 	sub	a, -10 (ix)
   0124 DArD5r01      [10]  253 	jp	C, 00115$
                            254 ;src/hiscore.c:78: if (count % 200 == 0) {
   0127 21 C8 00      [10]  255 	ld	hl, #0x00c8
   012A E5            [11]  256 	push	hl
   012B DD 6E F7      [19]  257 	ld	l,-9 (ix)
   012E DD 66 F8      [19]  258 	ld	h,-8 (ix)
   0131 E5            [11]  259 	push	hl
   0132 CDr00r00      [17]  260 	call	__moduint
   0135 F1            [10]  261 	pop	af
   0136 F1            [10]  262 	pop	af
   0137 5D            [ 4]  263 	ld	e, l
   0138 7C            [ 4]  264 	ld	a, h
   0139 B3            [ 4]  265 	or	a,e
   013A 20 79         [12]  266 	jr	NZ,00110$
                            267 ;src/hiscore.c:80: cpct_waitVSYNC();
   013C CDr00r00      [17]  268 	call	_cpct_waitVSYNC
                            269 ;src/hiscore.c:81: v_print(g_strings[103], 36, y, FONT_WHITE);
   013F ED 4BrCEr00   [20]  270 	ld	bc, (#_g_strings + 206)
   0143 3E 02         [ 7]  271 	ld	a, #0x02
   0145 F5            [11]  272 	push	af
   0146 33            [ 6]  273 	inc	sp
   0147 DD 56 FD      [19]  274 	ld	d, -3 (ix)
   014A 1E 24         [ 7]  275 	ld	e,#0x24
   014C D5            [11]  276 	push	de
   014D C5            [11]  277 	push	bc
   014E CDr00r00      [17]  278 	call	_v_print
   0151 F1            [10]  279 	pop	af
   0152 F1            [10]  280 	pop	af
   0153 33            [ 6]  281 	inc	sp
                            282 ;src/hiscore.c:82: v_print(name, 36, y, FONT_WHITE);
   0154 DD 4E FE      [19]  283 	ld	c,-2 (ix)
   0157 DD 46 FF      [19]  284 	ld	b,-1 (ix)
   015A 3E 02         [ 7]  285 	ld	a, #0x02
   015C F5            [11]  286 	push	af
   015D 33            [ 6]  287 	inc	sp
   015E DD 56 FD      [19]  288 	ld	d, -3 (ix)
   0161 1E 24         [ 7]  289 	ld	e,#0x24
   0163 D5            [11]  290 	push	de
   0164 C5            [11]  291 	push	bc
   0165 CDr00r00      [17]  292 	call	_v_print
   0168 F1            [10]  293 	pop	af
   0169 F1            [10]  294 	pop	af
   016A 33            [ 6]  295 	inc	sp
                            296 ;src/hiscore.c:85: cpct_scanKeyboard();
   016B CDr00r00      [17]  297 	call	_cpct_scanKeyboard
                            298 ;src/hiscore.c:88: if (cpct_isKeyPressed(Key_Del) && (len > 0)) {
   016E 21 09 80      [10]  299 	ld	hl, #0x8009
   0171 CDr00r00      [17]  300 	call	_cpct_isKeyPressed
   0174 7D            [ 4]  301 	ld	a, l
   0175 B7            [ 4]  302 	or	a, a
   0176 28 1A         [12]  303 	jr	Z,00106$
   0178 DD 7E F6      [19]  304 	ld	a, -10 (ix)
   017B B7            [ 4]  305 	or	a, a
   017C 28 14         [12]  306 	jr	Z,00106$
                            307 ;src/hiscore.c:89: --len;
   017E DD 35 F6      [23]  308 	dec	-10 (ix)
                            309 ;src/hiscore.c:90: name[len] = '\0';
   0181 DD 7E F9      [19]  310 	ld	a, -7 (ix)
   0184 DD 86 F6      [19]  311 	add	a, -10 (ix)
   0187 4F            [ 4]  312 	ld	c, a
   0188 DD 7E FA      [19]  313 	ld	a, -6 (ix)
   018B CE 00         [ 7]  314 	adc	a, #0x00
   018D 47            [ 4]  315 	ld	b, a
   018E AF            [ 4]  316 	xor	a, a
   018F 02            [ 7]  317 	ld	(bc), a
   0190 18 23         [12]  318 	jr	00110$
   0192                     319 00106$:
                            320 ;src/hiscore.c:92: key = cpct_getKeypressedAsASCII();
   0192 CDr00r00      [17]  321 	call	_cpct_getKeypressedAsASCII
   0195 4D            [ 4]  322 	ld	c, l
                            323 ;src/hiscore.c:93: if ((key != 0) && (key >= 65) &&
   0196 79            [ 4]  324 	ld	a, c
   0197 B7            [ 4]  325 	or	a, a
   0198 28 1B         [12]  326 	jr	Z,00110$
   019A 79            [ 4]  327 	ld	a, c
   019B D6 41         [ 7]  328 	sub	a, #0x41
   019D 38 16         [12]  329 	jr	C,00110$
                            330 ;src/hiscore.c:94: (key <= 122)) {
   019F 3E 7A         [ 7]  331 	ld	a, #0x7a
   01A1 91            [ 4]  332 	sub	a, c
   01A2 38 11         [12]  333 	jr	C,00110$
                            334 ;src/hiscore.c:96: name[len] = key;
   01A4 DD 7E F9      [19]  335 	ld	a, -7 (ix)
   01A7 DD 86 F6      [19]  336 	add	a, -10 (ix)
   01AA 6F            [ 4]  337 	ld	l, a
   01AB DD 7E FA      [19]  338 	ld	a, -6 (ix)
   01AE CE 00         [ 7]  339 	adc	a, #0x00
   01B0 67            [ 4]  340 	ld	h, a
   01B1 71            [ 7]  341 	ld	(hl), c
                            342 ;src/hiscore.c:97: ++len;
   01B2 DD 34 F6      [23]  343 	inc	-10 (ix)
   01B5                     344 00110$:
                            345 ;src/hiscore.c:102: ++count;
   01B5 DD 34 F7      [23]  346 	inc	-9 (ix)
   01B8 20 03         [12]  347 	jr	NZ,00166$
   01BA DD 34 F8      [23]  348 	inc	-8 (ix)
   01BD                     349 00166$:
                            350 ;src/hiscore.c:104: if (count > 10000)
   01BD 3E 10         [ 7]  351 	ld	a, #0x10
   01BF DD BE F7      [19]  352 	cp	a, -9 (ix)
   01C2 3E 27         [ 7]  353 	ld	a, #0x27
   01C4 DD 9E F8      [19]  354 	sbc	a, -8 (ix)
   01C7 D2r1Fr01      [10]  355 	jp	NC, 00113$
                            356 ;src/hiscore.c:105: count = 0;
   01CA DD 36 F7 00   [19]  357 	ld	-9 (ix), #0x00
   01CE DD 36 F8 00   [19]  358 	ld	-8 (ix), #0x00
   01D2 C3r1Fr01      [10]  359 	jp	00113$
   01D5                     360 00115$:
                            361 ;src/hiscore.c:113: name[3] = '\0';
   01D5 DD 6E FB      [19]  362 	ld	l,-5 (ix)
   01D8 DD 66 FC      [19]  363 	ld	h,-4 (ix)
   01DB 36 00         [10]  364 	ld	(hl), #0x00
                            365 ;src/hiscore.c:114: if (g_current_score > g_hiscores[0].score) {
   01DD ED 4Br04r00   [20]  366 	ld	bc, (#(_g_hiscores + 0x0004) + 0)
   01E1 ED 5Br06r00   [20]  367 	ld	de, (#(_g_hiscores + 0x0004) + 2)
   01E5 79            [ 4]  368 	ld	a, c
   01E6 FD 21r00r00   [14]  369 	ld	iy, #_g_current_score
   01EA FD 96 00      [19]  370 	sub	a, 0 (iy)
   01ED 78            [ 4]  371 	ld	a, b
   01EE FD 9E 01      [19]  372 	sbc	a, 1 (iy)
   01F1 7B            [ 4]  373 	ld	a, e
   01F2 FD 9E 02      [19]  374 	sbc	a, 2 (iy)
   01F5 7A            [ 4]  375 	ld	a, d
   01F6 FD 9E 03      [19]  376 	sbc	a, 3 (iy)
   01F9 30 1D         [12]  377 	jr	NC,00119$
                            378 ;src/hiscore.c:115: h_insert(name, g_current_score, 0);
   01FB DD 4E F9      [19]  379 	ld	c,-7 (ix)
   01FE DD 46 FA      [19]  380 	ld	b,-6 (ix)
   0201 AF            [ 4]  381 	xor	a, a
   0202 F5            [11]  382 	push	af
   0203 33            [ 6]  383 	inc	sp
   0204 2Ar02r00      [16]  384 	ld	hl, (_g_current_score + 2)
   0207 E5            [11]  385 	push	hl
   0208 2Ar00r00      [16]  386 	ld	hl, (_g_current_score)
   020B E5            [11]  387 	push	hl
   020C C5            [11]  388 	push	bc
   020D CDr38r02      [17]  389 	call	_h_insert
   0210 21 07 00      [10]  390 	ld	hl, #7
   0213 39            [11]  391 	add	hl, sp
   0214 F9            [ 6]  392 	ld	sp, hl
                            393 ;src/hiscore.c:116: u_sort_hiscores();
   0215 CDr00r00      [17]  394 	call	_u_sort_hiscores
   0218                     395 00119$:
                            396 ;src/hiscore.c:120: v_wipe_scr(true);
   0218 3E 01         [ 7]  397 	ld	a, #0x01
   021A F5            [11]  398 	push	af
   021B 33            [ 6]  399 	inc	sp
   021C CDr00r00      [17]  400 	call	_v_wipe_scr
   021F DD F9         [10]  401 	ld	sp,ix
   0221 DD E1         [14]  402 	pop	ix
   0223 C9            [10]  403 	ret
                            404 ;src/hiscore.c:124: void h_stop(void) {
                            405 ;	---------------------------------
                            406 ; Function h_stop
                            407 ; ---------------------------------
   0224                     408 _h_stop::
                            409 ;src/hiscore.c:126: v_wipe_scr(true);
   0224 3E 01         [ 7]  410 	ld	a, #0x01
   0226 F5            [11]  411 	push	af
   0227 33            [ 6]  412 	inc	sp
   0228 CDr00r00      [17]  413 	call	_v_wipe_scr
   022B 33            [ 6]  414 	inc	sp
                            415 ;src/hiscore.c:127: v_blk_scr();
   022C CDr00r00      [17]  416 	call	_v_blk_scr
                            417 ;src/hiscore.c:128: v_clr_scr();
   022F CDr00r00      [17]  418 	call	_v_clr_scr
                            419 ;src/hiscore.c:129: cpct_removeInterruptHandler();
   0232 CDr00r00      [17]  420 	call	_cpct_removeInterruptHandler
                            421 ;src/hiscore.c:130: v_reset_timers();
   0235 C3r00r00      [10]  422 	jp  _v_reset_timers
                            423 ;src/hiscore.c:134: void h_insert(const char *initials, const u32 score, const u8 pos) {
                            424 ;	---------------------------------
                            425 ; Function h_insert
                            426 ; ---------------------------------
   0238                     427 _h_insert::
   0238 DD E5         [15]  428 	push	ix
   023A DD 21 00 00   [14]  429 	ld	ix,#0
   023E DD 39         [15]  430 	add	ix,sp
                            431 ;src/hiscore.c:136: g_hiscores[pos].score = score;
   0240 01r00r00      [10]  432 	ld	bc, #_g_hiscores+0
   0243 DD 5E 0A      [19]  433 	ld	e,10 (ix)
   0246 16 00         [ 7]  434 	ld	d,#0x00
   0248 6B            [ 4]  435 	ld	l, e
   0249 62            [ 4]  436 	ld	h, d
   024A 29            [11]  437 	add	hl, hl
   024B 29            [11]  438 	add	hl, hl
   024C 29            [11]  439 	add	hl, hl
   024D 19            [11]  440 	add	hl, de
   024E 09            [11]  441 	add	hl,bc
   024F 4D            [ 4]  442 	ld	c, l
   0250 44            [ 4]  443 	ld	b, h
   0251 21 04 00      [10]  444 	ld	hl, #0x0004
   0254 09            [11]  445 	add	hl,bc
   0255 EB            [ 4]  446 	ex	de,hl
   0256 C5            [11]  447 	push	bc
   0257 21 08 00      [10]  448 	ld	hl, #0x0008
   025A 39            [11]  449 	add	hl, sp
   025B 01 04 00      [10]  450 	ld	bc, #0x0004
   025E ED B0         [21]  451 	ldir
   0260 C1            [10]  452 	pop	bc
                            453 ;src/hiscore.c:137: strcpy(g_hiscores[pos].initials, initials);
   0261 59            [ 4]  454 	ld	e, c
   0262 50            [ 4]  455 	ld	d, b
   0263 C5            [11]  456 	push	bc
   0264 DD 6E 04      [19]  457 	ld	l,4 (ix)
   0267 DD 66 05      [19]  458 	ld	h,5 (ix)
   026A AF            [ 4]  459 	xor	a, a
   026B                     460 00103$:
   026B BE            [ 7]  461 	cp	a, (hl)
   026C ED A0         [16]  462 	ldi
   026E 20 FB         [12]  463 	jr	NZ, 00103$
   0270 C1            [10]  464 	pop	bc
                            465 ;src/hiscore.c:138: g_hiscores[pos].width = u_get_width(score);
   0271 21 08 00      [10]  466 	ld	hl, #0x0008
   0274 09            [11]  467 	add	hl, bc
   0275 E5            [11]  468 	push	hl
   0276 DD 6E 08      [19]  469 	ld	l,8 (ix)
   0279 DD 66 09      [19]  470 	ld	h,9 (ix)
   027C E5            [11]  471 	push	hl
   027D DD 6E 06      [19]  472 	ld	l,6 (ix)
   0280 DD 66 07      [19]  473 	ld	h,7 (ix)
   0283 E5            [11]  474 	push	hl
   0284 CDr00r00      [17]  475 	call	_u_get_width
   0287 F1            [10]  476 	pop	af
   0288 F1            [10]  477 	pop	af
   0289 4D            [ 4]  478 	ld	c, l
   028A E1            [10]  479 	pop	hl
   028B 71            [ 7]  480 	ld	(hl), c
   028C DD E1         [14]  481 	pop	ix
   028E C9            [10]  482 	ret
                            483 ;src/hiscore.c:142: static bool h_check(void) {
                            484 ;	---------------------------------
                            485 ; Function h_check
                            486 ; ---------------------------------
   028F                     487 _h_check:
   028F DD E5         [15]  488 	push	ix
   0291 DD 21 00 00   [14]  489 	ld	ix,#0
   0295 DD 39         [15]  490 	add	ix,sp
   0297 F5            [11]  491 	push	af
   0298 F5            [11]  492 	push	af
   0299 3B            [ 6]  493 	dec	sp
                            494 ;src/hiscore.c:144: u32 min = g_hiscores[0].score;
   029A ED 4Br04r00   [20]  495 	ld	bc, (#_g_hiscores + 4)
   029E ED 5Br06r00   [20]  496 	ld	de, (#_g_hiscores + 6)
                            497 ;src/hiscore.c:147: for (u8 i = 1; i < 10; i++) {
   02A2 DD 36 FB 01   [19]  498 	ld	-5 (ix), #0x01
   02A6                     499 00105$:
   02A6 DD 7E FB      [19]  500 	ld	a, -5 (ix)
   02A9 D6 0A         [ 7]  501 	sub	a, #0x0a
   02AB 30 52         [12]  502 	jr	NC,00103$
                            503 ;src/hiscore.c:148: if (g_hiscores[i].score < min)
   02AD D5            [11]  504 	push	de
   02AE DD 5E FB      [19]  505 	ld	e,-5 (ix)
   02B1 16 00         [ 7]  506 	ld	d,#0x00
   02B3 6B            [ 4]  507 	ld	l, e
   02B4 62            [ 4]  508 	ld	h, d
   02B5 29            [11]  509 	add	hl, hl
   02B6 29            [11]  510 	add	hl, hl
   02B7 29            [11]  511 	add	hl, hl
   02B8 19            [11]  512 	add	hl, de
   02B9 D1            [10]  513 	pop	de
   02BA FD 21r00r00   [14]  514 	ld	iy, #_g_hiscores
   02BE C5            [11]  515 	push	bc
   02BF 4D            [ 4]  516 	ld	c, l
   02C0 44            [ 4]  517 	ld	b, h
   02C1 FD 09         [15]  518 	add	iy, bc
   02C3 C1            [10]  519 	pop	bc
   02C4 FD 7E 04      [19]  520 	ld	a, 4 (iy)
   02C7 DD 77 FC      [19]  521 	ld	-4 (ix), a
   02CA FD 7E 05      [19]  522 	ld	a, 5 (iy)
   02CD DD 77 FD      [19]  523 	ld	-3 (ix), a
   02D0 FD 7E 06      [19]  524 	ld	a, 6 (iy)
   02D3 DD 77 FE      [19]  525 	ld	-2 (ix), a
   02D6 FD 7E 07      [19]  526 	ld	a, 7 (iy)
   02D9 DD 77 FF      [19]  527 	ld	-1 (ix), a
   02DC DD 7E FC      [19]  528 	ld	a, -4 (ix)
   02DF 91            [ 4]  529 	sub	a, c
   02E0 DD 7E FD      [19]  530 	ld	a, -3 (ix)
   02E3 98            [ 4]  531 	sbc	a, b
   02E4 DD 7E FE      [19]  532 	ld	a, -2 (ix)
   02E7 9B            [ 4]  533 	sbc	a, e
   02E8 DD 7E FF      [19]  534 	ld	a, -1 (ix)
   02EB 9A            [ 4]  535 	sbc	a, d
   02EC 30 0C         [12]  536 	jr	NC,00106$
                            537 ;src/hiscore.c:149: min = g_hiscores[i].score;
   02EE DD 4E FC      [19]  538 	ld	c, -4 (ix)
   02F1 DD 46 FD      [19]  539 	ld	b, -3 (ix)
   02F4 DD 5E FE      [19]  540 	ld	e, -2 (ix)
   02F7 DD 56 FF      [19]  541 	ld	d, -1 (ix)
   02FA                     542 00106$:
                            543 ;src/hiscore.c:147: for (u8 i = 1; i < 10; i++) {
   02FA DD 34 FB      [23]  544 	inc	-5 (ix)
   02FD 18 A7         [12]  545 	jr	00105$
   02FF                     546 00103$:
                            547 ;src/hiscore.c:152: return g_current_score > min;
   02FF 79            [ 4]  548 	ld	a, c
   0300 FD 21r00r00   [14]  549 	ld	iy, #_g_current_score
   0304 FD 96 00      [19]  550 	sub	a, 0 (iy)
   0307 78            [ 4]  551 	ld	a, b
   0308 FD 9E 01      [19]  552 	sbc	a, 1 (iy)
   030B 7B            [ 4]  553 	ld	a, e
   030C FD 9E 02      [19]  554 	sbc	a, 2 (iy)
   030F 7A            [ 4]  555 	ld	a, d
   0310 FD 9E 03      [19]  556 	sbc	a, 3 (iy)
   0313 3E 00         [ 7]  557 	ld	a, #0x00
   0315 17            [ 4]  558 	rla
   0316 6F            [ 4]  559 	ld	l, a
   0317 DD F9         [10]  560 	ld	sp, ix
   0319 DD E1         [14]  561 	pop	ix
   031B C9            [10]  562 	ret
                            563 ;src/hiscore.c:156: static void h_draw_hiscores(void) {
                            564 ;	---------------------------------
                            565 ; Function h_draw_hiscores
                            566 ; ---------------------------------
   031C                     567 _h_draw_hiscores:
   031C DD E5         [15]  568 	push	ix
   031E DD 21 00 00   [14]  569 	ld	ix,#0
   0322 DD 39         [15]  570 	add	ix,sp
   0324 21 F6 FF      [10]  571 	ld	hl, #-10
   0327 39            [11]  572 	add	hl, sp
   0328 F9            [ 6]  573 	ld	sp, hl
                            574 ;src/hiscore.c:158: u8 y = scores_loc.y * LINE_P_H;
   0329 3Ar3Er00      [13]  575 	ld	a, (#_scores_loc + 1)
   032C 4F            [ 4]  576 	ld	c, a
   032D 87            [ 4]  577 	add	a, a
   032E 81            [ 4]  578 	add	a, c
   032F 87            [ 4]  579 	add	a, a
   0330 4F            [ 4]  580 	ld	c, a
                            581 ;src/hiscore.c:162: v_print_c(g_strings[29], title_loc.y * LINE_P_H, FONT_RED);
   0331 3Ar3Cr00      [13]  582 	ld	a, (#(_title_loc + 0x0001) + 0)
   0334 5F            [ 4]  583 	ld	e, a
   0335 87            [ 4]  584 	add	a, a
   0336 83            [ 4]  585 	add	a, e
   0337 87            [ 4]  586 	add	a, a
   0338 47            [ 4]  587 	ld	b, a
   0339 ED 5Br3Ar00   [20]  588 	ld	de, (#_g_strings + 58)
   033D C5            [11]  589 	push	bc
   033E AF            [ 4]  590 	xor	a, a
   033F F5            [11]  591 	push	af
   0340 33            [ 6]  592 	inc	sp
   0341 C5            [11]  593 	push	bc
   0342 33            [ 6]  594 	inc	sp
   0343 D5            [11]  595 	push	de
   0344 CDr00r00      [17]  596 	call	_v_print_c
   0347 F1            [10]  597 	pop	af
   0348 F1            [10]  598 	pop	af
   0349 C1            [10]  599 	pop	bc
                            600 ;src/hiscore.c:165: for (int i = 9; i >= 0; i--) {
   034A 21 09 00      [10]  601 	ld	hl, #0x0009
   034D E3            [19]  602 	ex	(sp), hl
   034E                     603 00103$:
   034E DD CB F7 7E   [20]  604 	bit	7, -9 (ix)
   0352 C2r36r04      [10]  605 	jp	NZ, 00101$
                            606 ;src/hiscore.c:169: v_print(g_hiscores[i].initials, scores_loc.x, y, FONT_BLUE);
   0355 21r3Dr00      [10]  607 	ld	hl, #_scores_loc + 0
   0358 46            [ 7]  608 	ld	b, (hl)
   0359 D1            [10]  609 	pop	de
   035A D5            [11]  610 	push	de
   035B 6B            [ 4]  611 	ld	l, e
   035C 62            [ 4]  612 	ld	h, d
   035D 29            [11]  613 	add	hl, hl
   035E 29            [11]  614 	add	hl, hl
   035F 29            [11]  615 	add	hl, hl
   0360 19            [11]  616 	add	hl, de
   0361 EB            [ 4]  617 	ex	de,hl
   0362 21r00r00      [10]  618 	ld	hl, #_g_hiscores
   0365 19            [11]  619 	add	hl,de
   0366 DD 75 F8      [19]  620 	ld	-8 (ix), l
   0369 DD 74 F9      [19]  621 	ld	-7 (ix), h
   036C EB            [ 4]  622 	ex	de,hl
   036D C5            [11]  623 	push	bc
   036E 3E 01         [ 7]  624 	ld	a, #0x01
   0370 F5            [11]  625 	push	af
   0371 33            [ 6]  626 	inc	sp
   0372 79            [ 4]  627 	ld	a, c
   0373 F5            [11]  628 	push	af
   0374 33            [ 6]  629 	inc	sp
   0375 C5            [11]  630 	push	bc
   0376 33            [ 6]  631 	inc	sp
   0377 D5            [11]  632 	push	de
   0378 CDr00r00      [17]  633 	call	_v_print
   037B F1            [10]  634 	pop	af
   037C F1            [10]  635 	pop	af
   037D 33            [ 6]  636 	inc	sp
   037E C1            [10]  637 	pop	bc
                            638 ;src/hiscore.c:170: v_print(g_strings[27], scores_loc.x + 7, y, FONT_BLUE);
   037F 3Ar3Dr00      [13]  639 	ld	a, (#_scores_loc + 0)
   0382 C6 07         [ 7]  640 	add	a, #0x07
   0384 47            [ 4]  641 	ld	b, a
   0385 ED 5Br36r00   [20]  642 	ld	de, (#_g_strings + 54)
   0389 C5            [11]  643 	push	bc
   038A 3E 01         [ 7]  644 	ld	a, #0x01
   038C F5            [11]  645 	push	af
   038D 33            [ 6]  646 	inc	sp
   038E 79            [ 4]  647 	ld	a, c
   038F F5            [11]  648 	push	af
   0390 33            [ 6]  649 	inc	sp
   0391 C5            [11]  650 	push	bc
   0392 33            [ 6]  651 	inc	sp
   0393 D5            [11]  652 	push	de
   0394 CDr00r00      [17]  653 	call	_v_print
   0397 F1            [10]  654 	pop	af
   0398 F1            [10]  655 	pop	af
   0399 33            [ 6]  656 	inc	sp
   039A C1            [10]  657 	pop	bc
                            658 ;src/hiscore.c:171: v_print(g_strings[28], scores_loc.x + 23, y, FONT_BLUE);
   039B 3Ar3Dr00      [13]  659 	ld	a, (#_scores_loc + 0)
   039E C6 17         [ 7]  660 	add	a, #0x17
   03A0 47            [ 4]  661 	ld	b, a
   03A1 ED 5Br38r00   [20]  662 	ld	de, (#_g_strings + 56)
   03A5 C5            [11]  663 	push	bc
   03A6 3E 01         [ 7]  664 	ld	a, #0x01
   03A8 F5            [11]  665 	push	af
   03A9 33            [ 6]  666 	inc	sp
   03AA 79            [ 4]  667 	ld	a, c
   03AB F5            [11]  668 	push	af
   03AC 33            [ 6]  669 	inc	sp
   03AD C5            [11]  670 	push	bc
   03AE 33            [ 6]  671 	inc	sp
   03AF D5            [11]  672 	push	de
   03B0 CDr00r00      [17]  673 	call	_v_print
   03B3 F1            [10]  674 	pop	af
   03B4 F1            [10]  675 	pop	af
   03B5 33            [ 6]  676 	inc	sp
   03B6 C1            [10]  677 	pop	bc
                            678 ;src/hiscore.c:173: (scores_loc.x + 43) - (g_hiscores[i].width * 2), y,
   03B7 3Ar3Dr00      [13]  679 	ld	a, (#_scores_loc + 0)
   03BA C6 2B         [ 7]  680 	add	a, #0x2b
   03BC 5F            [ 4]  681 	ld	e, a
   03BD DD 6E F8      [19]  682 	ld	l,-8 (ix)
   03C0 DD 66 F9      [19]  683 	ld	h,-7 (ix)
   03C3 C5            [11]  684 	push	bc
   03C4 01 08 00      [10]  685 	ld	bc, #0x0008
   03C7 09            [11]  686 	add	hl, bc
   03C8 C1            [10]  687 	pop	bc
   03C9 6E            [ 7]  688 	ld	l, (hl)
   03CA CB 25         [ 8]  689 	sla	l
   03CC 7B            [ 4]  690 	ld	a, e
   03CD 95            [ 4]  691 	sub	a, l
   03CE 47            [ 4]  692 	ld	b, a
                            693 ;src/hiscore.c:172: v_print_n(g_hiscores[i].score,
   03CF D1            [10]  694 	pop	de
   03D0 E1            [10]  695 	pop	hl
   03D1 E5            [11]  696 	push	hl
   03D2 D5            [11]  697 	push	de
   03D3 11 04 00      [10]  698 	ld	de, #0x0004
   03D6 19            [11]  699 	add	hl, de
   03D7 5E            [ 7]  700 	ld	e, (hl)
   03D8 23            [ 6]  701 	inc	hl
   03D9 56            [ 7]  702 	ld	d, (hl)
   03DA 23            [ 6]  703 	inc	hl
   03DB 23            [ 6]  704 	inc	hl
   03DC 7E            [ 7]  705 	ld	a, (hl)
   03DD 2B            [ 6]  706 	dec	hl
   03DE 6E            [ 7]  707 	ld	l, (hl)
   03DF 67            [ 4]  708 	ld	h, a
   03E0 DD 73 F8      [19]  709 	ld	-8 (ix), e
   03E3 DD 72 F9      [19]  710 	ld	-7 (ix), d
   03E6 DD 75 FA      [19]  711 	ld	-6 (ix), l
   03E9 DD 74 FB      [19]  712 	ld	-5 (ix), h
   03EC DD 36 FC 00   [19]  713 	ld	-4 (ix), #0x00
   03F0 DD 36 FD 00   [19]  714 	ld	-3 (ix), #0x00
   03F4 DD 36 FE 00   [19]  715 	ld	-2 (ix), #0x00
   03F8 DD 36 FF 00   [19]  716 	ld	-1 (ix), #0x00
   03FC C5            [11]  717 	push	bc
   03FD 3E 01         [ 7]  718 	ld	a, #0x01
   03FF F5            [11]  719 	push	af
   0400 33            [ 6]  720 	inc	sp
   0401 79            [ 4]  721 	ld	a, c
   0402 F5            [11]  722 	push	af
   0403 33            [ 6]  723 	inc	sp
   0404 C5            [11]  724 	push	bc
   0405 33            [ 6]  725 	inc	sp
   0406 DD 66 FF      [19]  726 	ld	h, -1 (ix)
   0409 DD 6E FE      [19]  727 	ld	l, -2 (ix)
   040C E5            [11]  728 	push	hl
   040D DD 66 FD      [19]  729 	ld	h, -3 (ix)
   0410 DD 6E FC      [19]  730 	ld	l, -4 (ix)
   0413 E5            [11]  731 	push	hl
   0414 DD 66 FB      [19]  732 	ld	h, -5 (ix)
   0417 DD 6E FA      [19]  733 	ld	l, -6 (ix)
   041A E5            [11]  734 	push	hl
   041B DD 66 F9      [19]  735 	ld	h, -7 (ix)
   041E DD 6E F8      [19]  736 	ld	l, -8 (ix)
   0421 E5            [11]  737 	push	hl
   0422 CDr00r00      [17]  738 	call	_v_print_n
   0425 21 0B 00      [10]  739 	ld	hl, #11
   0428 39            [11]  740 	add	hl, sp
   0429 F9            [ 6]  741 	ld	sp, hl
   042A C1            [10]  742 	pop	bc
                            743 ;src/hiscore.c:175: y += (LINE_P_H * 2);
   042B 79            [ 4]  744 	ld	a, c
   042C C6 0C         [ 7]  745 	add	a, #0x0c
   042E 4F            [ 4]  746 	ld	c, a
                            747 ;src/hiscore.c:165: for (int i = 9; i >= 0; i--) {
   042F E1            [10]  748 	pop	hl
   0430 E5            [11]  749 	push	hl
   0431 2B            [ 6]  750 	dec	hl
   0432 E3            [19]  751 	ex	(sp), hl
   0433 C3r4Er03      [10]  752 	jp	00103$
   0436                     753 00101$:
                            754 ;src/hiscore.c:178: v_print_c(g_strings[49], key_loc.y * LINE_P_H, FONT_RED);
   0436 3Ar40r00      [13]  755 	ld	a, (#(_key_loc + 0x0001) + 0)
   0439 4F            [ 4]  756 	ld	c, a
   043A 87            [ 4]  757 	add	a, a
   043B 81            [ 4]  758 	add	a, c
   043C 87            [ 4]  759 	add	a, a
   043D 47            [ 4]  760 	ld	b, a
   043E ED 5Br62r00   [20]  761 	ld	de, (#_g_strings + 98)
   0442 AF            [ 4]  762 	xor	a, a
   0443 F5            [11]  763 	push	af
   0444 33            [ 6]  764 	inc	sp
   0445 C5            [11]  765 	push	bc
   0446 33            [ 6]  766 	inc	sp
   0447 D5            [11]  767 	push	de
   0448 CDr00r00      [17]  768 	call	_v_print_c
   044B DD F9         [10]  769 	ld	sp,ix
   044D DD E1         [14]  770 	pop	ix
   044F C9            [10]  771 	ret
                            772 	.area _CODE
                            773 	.area _INITIALIZER
                            774 	.area _CABS (ABS)
